C51 COMPILER V9.02   DELAY                                                                 12/16/2022 23:19:35 PAGE 1   


C51 COMPILER V9.02, COMPILATION OF MODULE DELAY
OBJECT MODULE PLACED IN ..\Obj\delay.obj
COMPILER INVOKED BY: D:\Keil\C51\BIN\C51.EXE ..\Public\delay.c BROWSE INCDIR(..\Api;..\Public;..\User) DEBUG OBJECTEXTEN
                    -D PRINT(..\Obj\delay.lst) OBJECT(..\Obj\delay.obj)

line level    source

   1          #include "delay.h"
   2          
   3          /*******************************
   4          函数名：delay_10us
   5          函数功能：10微秒级别延时
   6          函数形参：u16 ten_us
   7          函数返回值：void
   8          备注：ten_us不超过65535
   9          *******************************/
  10          void delay_10us(unsigned int ten_us)
  11          {
  12   1              while(ten_us--);        
  13   1      }
  14          
  15          /*******************************
  16          函数名：delay_ms
  17          函数功能：毫秒级别延时
  18          函数形参：u16 ms
  19          函数返回值：void
  20          备注：ms不超过65535
  21          *******************************/
  22          void delay_ms(unsigned int ms)
  23          {
  24   1              unsigned int i, j;
  25   1              for(i=ms;i>0;i--)
  26   1                      for(j=110;j>0;j--);
  27   1      }


MODULE INFORMATION:   STATIC OVERLAYABLE
   CODE SIZE        =     41    ----
   CONSTANT SIZE    =   ----    ----
   XDATA SIZE       =   ----    ----
   PDATA SIZE       =   ----    ----
   DATA SIZE        =   ----    ----
   IDATA SIZE       =   ----    ----
   BIT SIZE         =   ----    ----
END OF MODULE INFORMATION.


C51 COMPILATION COMPLETE.  0 WARNING(S),  0 ERROR(S)
