C51 COMPILER V9.02   DISPLAY                                                               12/16/2022 23:19:34 PAGE 1   


C51 COMPILER V9.02, COMPILATION OF MODULE DISPLAY
OBJECT MODULE PLACED IN ..\Obj\display.obj
COMPILER INVOKED BY: D:\Keil\C51\BIN\C51.EXE ..\Api\display.c BROWSE INCDIR(..\Api;..\Public;..\User) DEBUG OBJECTEXTEND
                    - PRINT(..\Obj\display.lst) OBJECT(..\Obj\display.obj)

line level    source

   1          #include "display.h"
   2          
   3          #if USE_DIGITAL_DISPLAY_TIMER0
              /*******************************
              函数名：digital_display_timer0_config
              函数功能：定时器0的配置
              函数形参：void
              函数返回值：void
              备注：
              *******************************/
              void digital_display_timer0_config()  //11.0592MHz
              {
                      TMOD &= 0xf0;
                      TMOD |= 0x01;  // 计数器0工作在模式1
                      TR0 = 1;  // 计数器0工作
                      TH0 = 0xf8;   
                      TL0 = 0xcd;  // 65536-63693=1843, 2ms
                      EA = 1;
                      ET0 = 1;  // 打开中断
              }
              #endif
  22          
  23          /*******************************
  24          函数名：digital_display
  25          函数功能：数码管显示
  26          函数形参：u8 ch[8]
  27          函数返回值：void
  28          备注：显示ch（模值）里的值，从左到右为ch[0]到ch[7]      
  29                占用定时器0
  30          *******************************/
  31          bit flag_digital_display = 0;                                    
  32          void digital_display(unsigned char *ch)
  33          {
  34   1              static unsigned char i=0;
  35   1      
  36   1              if (flag_digital_display==1)
  37   1              {
  38   2                      flag_digital_display = 0;
  39   2                      i++;
  40   2                      if (i==8) i=0;
  41   2                      SMG_PORT = 0x00;  // 消音
  42   2              }
  43   1      
  44   1              switch(i)  // 位选和段选
  45   1              {
  46   2                      case 0: LSC=1;LSB=1;LSA=1; SMG_PORT = *(ch+0); break;
  47   2                      case 1: LSC=1;LSB=1;LSA=0; SMG_PORT = *(ch+1); break;
  48   2                      case 2: LSC=1;LSB=0;LSA=1; SMG_PORT = *(ch+2); break;
  49   2                      case 3: LSC=1;LSB=0;LSA=0; SMG_PORT = *(ch+3); break;
  50   2                      case 4: LSC=0;LSB=1;LSA=1; SMG_PORT = *(ch+4); break;
  51   2                      case 5: LSC=0;LSB=1;LSA=0; SMG_PORT = *(ch+5); break;
  52   2                      case 6: LSC=0;LSB=0;LSA=1; SMG_PORT = *(ch+6); break;
  53   2                      case 7: LSC=0;LSB=0;LSA=0; SMG_PORT = *(ch+7); break;
  54   2              }
C51 COMPILER V9.02   DISPLAY                                                               12/16/2022 23:19:34 PAGE 2   

  55   1      }
  56          
  57          #if     USE_DIGITAL_DISPLAY_TIMER0_INT
              /*******************************
              函数名：digital_display_timer0_interrupt
              函数功能：定时器0的中断服务函数
              函数形参：void
              函数返回值：void
              备注：
              *******************************/
              bit flag_digital_display=0;
              void digital_display_timer0_interrupt() interrupt 1
              {
                      TH0 = 0xf8;   
                      TL0 = 0xcd;
                      flag_digital_display = 1;
              }
              #endif


MODULE INFORMATION:   STATIC OVERLAYABLE
   CODE SIZE        =    149    ----
   CONSTANT SIZE    =   ----    ----
   XDATA SIZE       =   ----    ----
   PDATA SIZE       =   ----    ----
   DATA SIZE        =      1    ----
   IDATA SIZE       =   ----    ----
   BIT SIZE         =      1    ----
END OF MODULE INFORMATION.


C51 COMPILATION COMPLETE.  0 WARNING(S),  0 ERROR(S)
