C51 COMPILER V9.02   MAIN                                                                  12/16/2022 23:19:35 PAGE 1   


C51 COMPILER V9.02, COMPILATION OF MODULE MAIN
OBJECT MODULE PLACED IN ..\Obj\main.obj
COMPILER INVOKED BY: D:\Keil\C51\BIN\C51.EXE ..\User\main.c BROWSE INCDIR(..\Api;..\Public;..\User) DEBUG OBJECTEXTEND P
                    -RINT(..\Obj\main.lst) OBJECT(..\Obj\main.obj)

line level    source

   1          #include "main.h"
   2          
   3          void main()
   4          {
   5   1              unsigned char ret;
   6   1              unsigned char key[8]={0x3f, 0x06, 0x5b, 0x4f, 0x66, 0x6d, 0x7d, 0x07};
   7   1              unsigned char num;
   8   1              static unsigned char i=0;
   9   1      
  10   1              timer0_config();                          
  11   1      //      lcd1602_init();
  12   1      //      pwm_init(0xff, 0xf6, 100, 0);
  13   1      //      DC_Motor_init(0xff, 0xf6, 100, 0);
  14   1      //      ds18b20_init();
  15   1      //      ired_init();
  16   1      
  17   1      //      uart_init(0xfd);  // 波特率19200
  18   1          ret = Wifi_Init();
  19   1      
  20   1              if (ret)  // wifi出错
  21   1              {
  22   2                      P2 = 0xff&~(1<<(ret-1));  // led显示对应出错
  23   2                      while (1);
  24   2              }
  25   1              else
  26   1              {
  27   2                      while (1)
  28   2                      {       
  29   3                              num = matrix_key_scan();
  30   3                              if (num != 0xff)
  31   3                              {
  32   4                                      //printf("%c\n", num);
  33   4                                      key[i] = led_num[num/10];
  34   4                                      key[i+1] = led_num[num%10];
  35   4                                      i += 2;
  36   4                                      if (i==8) i = 0;
  37   4      
  38   4      
  39   4                              }
  40   3                              digital_display(key);
  41   3      
  42   3                              Wifi_Analysis_Response();
  43   3              //              if (UART_RX_STA == 1)
  44   3              //              {
  45   3              //                      UART_RX_STA = 0;
  46   3              //                      uart_SendString(UART_RX_BUF);
  47   3              //              }
  48   3      
  49   3      
  50   3                              
  51   3      
  52   3              
  53   3                      }
  54   2              }
C51 COMPILER V9.02   MAIN                                                                  12/16/2022 23:19:35 PAGE 2   

  55   1      }


MODULE INFORMATION:   STATIC OVERLAYABLE
   CODE SIZE        =    112    ----
   CONSTANT SIZE    =     24    ----
   XDATA SIZE       =   ----    ----
   PDATA SIZE       =   ----    ----
   DATA SIZE        =      1       8
   IDATA SIZE       =   ----    ----
   BIT SIZE         =   ----    ----
END OF MODULE INFORMATION.


C51 COMPILATION COMPLETE.  0 WARNING(S),  0 ERROR(S)
