C51 COMPILER V9.02   LED                                                                   10/10/2022 09:24:16 PAGE 1   


C51 COMPILER V9.02, COMPILATION OF MODULE LED
OBJECT MODULE PLACED IN led.OBJ
COMPILER INVOKED BY: D:\Keil\C51\BIN\C51.EXE led.c BROWSE DEBUG OBJECTEXTEND

line level    source

   1          #include <reg51.h>
   2          #define time_delay 200
   3          
   4          void delay(unsigned char z)      // delay z ms
   5          {
   6   1              unsigned char i, j;
   7   1              for(j=0;j<z;j++)
   8   1                      for(i=0;i<127;i++);
   9   1      }
  10          
  11          void led_running(unsigned char dir)
  12          {
  13   1              static unsigned char i=0;
  14   1              if (dir==0){  // up
  15   2                      P2 = (0xfe<<i)|(0xfe>>(8-i));
  16   2                      if (i==8) i=0;
  17   2              }else if (dir==1){  // down
  18   2                      P2 = (0x7f>>i)|(0x7f<<(8-i));
  19   2                      if (i==8) i=0;
  20   2              }else if (dir==2){  // up and down
  21   2                      if (i<7)
  22   2                              P2 = (0xfe<<i)|(0xfe>>(8-i));
  23   2                      else
  24   2                              P2 = (0x7f>>(i-7))|(0x7f<<(8-(i-7)));
  25   2                      if (i==14) i=0;
  26   2              }
  27   1              
  28   1              delay(time_delay);
  29   1              i++;    
  30   1      }
  31          
  32          void main()
  33          {
  34   1              while(1) led_running(2);
  35   1      }


MODULE INFORMATION:   STATIC OVERLAYABLE
   CODE SIZE        =    220    ----
   CONSTANT SIZE    =   ----    ----
   XDATA SIZE       =   ----    ----
   PDATA SIZE       =   ----    ----
   DATA SIZE        =      1    ----
   IDATA SIZE       =   ----    ----
   BIT SIZE         =   ----    ----
END OF MODULE INFORMATION.


C51 COMPILATION COMPLETE.  0 WARNING(S),  0 ERROR(S)
