C51 COMPILER V9.02   DELAY                                                                 12/19/2022 09:56:57 PAGE 1   


C51 COMPILER V9.02, COMPILATION OF MODULE DELAY
OBJECT MODULE PLACED IN ..\Obj\delay.obj
COMPILER INVOKED BY: D:\Keil\C51\BIN\C51.EXE ..\Public\delay.c BROWSE INCDIR(..\Api;..\Public;..\User) DEBUG OBJECTEXTEN
                    -D PRINT(..\Obj\delay.lst) OBJECT(..\Obj\delay.obj)

line level    source

   1          #include "delay.h"
   2          
   3          void delay_10us(unsigned char ten_us)
   4          {
   5   1              while(ten_us--);        
   6   1      }
   7          
   8          void delay_ms(unsigned char ms)
   9          {
  10   1              unsigned int i, j;
  11   1              for(i=ms;i>0;i--)
  12   1                      for(j=110;j>0;j--);
  13   1      }


MODULE INFORMATION:   STATIC OVERLAYABLE
   CODE SIZE        =     39    ----
   CONSTANT SIZE    =   ----    ----
   XDATA SIZE       =   ----    ----
   PDATA SIZE       =   ----    ----
   DATA SIZE        =   ----    ----
   IDATA SIZE       =   ----    ----
   BIT SIZE         =   ----    ----
END OF MODULE INFORMATION.


C51 COMPILATION COMPLETE.  0 WARNING(S),  0 ERROR(S)
