C51 COMPILER V9.02   GLOBAL                                                                12/19/2022 09:56:58 PAGE 1   


C51 COMPILER V9.02, COMPILATION OF MODULE GLOBAL
OBJECT MODULE PLACED IN ..\Obj\global.obj
COMPILER INVOKED BY: D:\Keil\C51\BIN\C51.EXE ..\Public\global.c BROWSE INCDIR(..\Api;..\Public;..\User) DEBUG OBJECTEXTE
                    -ND PRINT(..\Obj\global.lst) OBJECT(..\Obj\global.obj)

line level    source

   1          #include "global.h"
   2          
   3          unsigned char cur_time_hour, cur_time_min, cur_time_sec;        // 当前时间
   4          unsigned char timer_min=0, timer_sec=0;  // 定时功能的时间
   5          unsigned int temp=0, start_temp=0;  // 温度，温控开始时记录的温度
   6          unsigned char start_duty=0;      // 温控开始时的占空比
   7          /*  fan_mode：0：关，1：标准模式，2：睡眠风，3：温控模式
   8                  rotate_speed：0：不摇头，1：慢摇头，2：快摇头
   9                  fan_speed：1：低速（灯较暗），2：中速（灯适中），3：高速（灯较亮）
  10                  timer_mode：0：定时关，1：调节定时的秒，2：调节定时的分，3：定时开启 */
  11          unsigned char fan_mode=0, rotate_speed=0, fan_speed=1, timer_mode=0;
  12          bit flag_temp_update_1s=0, flag_wifi_update_2s=0;  // 间隔一段时间读取数据
  13          bit dis_temp_state=0;  // 0显示温度，1显示状态


MODULE INFORMATION:   STATIC OVERLAYABLE
   CODE SIZE        =   ----    ----
   CONSTANT SIZE    =   ----    ----
   XDATA SIZE       =   ----    ----
   PDATA SIZE       =   ----    ----
   DATA SIZE        =     14    ----
   IDATA SIZE       =   ----    ----
   BIT SIZE         =      3    ----
END OF MODULE INFORMATION.


C51 COMPILATION COMPLETE.  0 WARNING(S),  0 ERROR(S)
