C51 COMPILER V9.02   MAIN                                                                  12/19/2022 09:56:58 PAGE 1   


C51 COMPILER V9.02, COMPILATION OF MODULE MAIN
OBJECT MODULE PLACED IN ..\Obj\main.obj
COMPILER INVOKED BY: D:\Keil\C51\BIN\C51.EXE ..\User\main.c BROWSE INCDIR(..\Api;..\Public;..\User) DEBUG OBJECTEXTEND P
                    -RINT(..\Obj\main.lst) OBJECT(..\Obj\main.obj)

line level    source

   1          #include "main.h"
   2          
   3          void main()
   4          {
   5   1              unsigned char ret;
   6   1      
   7   1              ret = Init();  // 初始化函数
   8   1      
   9   1              if (ret)  // wifi出错
  10   1              {
  11   2                      P2 = 0xff&~(1<<(ret-1));  // led显示对应出错
  12   2                      while (1);
  13   2              }
  14   1              else
  15   1              {
  16   2                      while (1)
  17   2                      {       
  18   3                              key_state_update();      // 按键扫描更新变量
  19   3                              temp_update();  // 更新温度
  20   3                              wifi_update();  // wifi数据更新
  21   3      
  22   3                              aciton();  // 根据全局变量实现功能
  23   3                              nixie();  // 数码管显示
  24   3                      }
  25   2              }
  26   1      }


MODULE INFORMATION:   STATIC OVERLAYABLE
   CODE SIZE        =     41    ----
   CONSTANT SIZE    =   ----    ----
   XDATA SIZE       =   ----    ----
   PDATA SIZE       =   ----    ----
   DATA SIZE        =   ----    ----
   IDATA SIZE       =   ----    ----
   BIT SIZE         =   ----    ----
END OF MODULE INFORMATION.


C51 COMPILATION COMPLETE.  0 WARNING(S),  0 ERROR(S)
