C51 COMPILER V9.02   PWM                                                                   12/19/2022 09:56:56 PAGE 1   


C51 COMPILER V9.02, COMPILATION OF MODULE PWM
OBJECT MODULE PLACED IN ..\Obj\pwm.obj
COMPILER INVOKED BY: D:\Keil\C51\BIN\C51.EXE ..\Api\pwm.c BROWSE INCDIR(..\Api;..\Public;..\User) DEBUG OBJECTEXTEND PRI
                    -NT(..\Obj\pwm.lst) OBJECT(..\Obj\pwm.obj)

line level    source

   1          #include "pwm.h"
   2          
   3          xdata unsigned char g_pwm_tim_scale, g_pwm_duty;
   4          void pwm_init(unsigned char tim_scale, unsigned char duty)  //11.0592MHz
   5          {
   6   1              g_pwm_tim_scale = tim_scale;
   7   1              g_pwm_duty = duty;
   8   1      }
   9          
  10          /*******************************
  11          change the duty of pwm
  12          *******************************/
  13          void pwm_duty(unsigned char duty)
  14          {
  15   1              g_pwm_duty = duty;
  16   1      }
  17          
  18          /*******************************
  19          sleep wind: change the duty of pwm regularly all the time
  20          *******************************/
  21          bit flag_pwm_breath_8ms=0;
  22          void pwm_sleep_wind()
  23          {
  24   1              static bit dic=0;
  25   1              static unsigned char duty=0;
  26   1      
  27   1              if (flag_pwm_breath_8ms == 1)
  28   1              {
  29   2                      flag_pwm_breath_8ms = 0;
  30   2                      if (dic==0)
  31   2                      {
  32   3                              duty++;
  33   3                              if (duty>=100) dic = 1;
  34   3                      } else if (dic==1)
  35   2                      {
  36   3                              duty--;
  37   3                              if (duty<=0) dic = 0;
  38   3                      }       
  39   2                      pwm_duty(duty);
  40   2              }
  41   1      }
  42          
  43          /*******************************
  44          change the duty according to the temperature
  45          *******************************/
  46          void pwm_temp_ctrl()
  47          {
  48   1              int duty;
  49   1      
  50   1              duty = start_duty + ((temp - start_temp)*3);
  51   1              if (duty>=100) duty = 100;
  52   1              else if (duty<=0) duty = 0;
  53   1              pwm_duty(duty);
  54   1      }
C51 COMPILER V9.02   PWM                                                                   12/19/2022 09:56:56 PAGE 2   



MODULE INFORMATION:   STATIC OVERLAYABLE
   CODE SIZE        =    115    ----
   CONSTANT SIZE    =   ----    ----
   XDATA SIZE       =      2    ----
   PDATA SIZE       =   ----    ----
   DATA SIZE        =      1    ----
   IDATA SIZE       =   ----    ----
   BIT SIZE         =      2    ----
END OF MODULE INFORMATION.


C51 COMPILATION COMPLETE.  0 WARNING(S),  0 ERROR(S)
