C51 COMPILER V9.02   SEG_LED                                                               10/10/2022 13:01:46 PAGE 1   


C51 COMPILER V9.02, COMPILATION OF MODULE SEG_LED
OBJECT MODULE PLACED IN seg_led.OBJ
COMPILER INVOKED BY: D:\Keil\C51\BIN\C51.EXE seg_led.c BROWSE DEBUG OBJECTEXTEND

line level    source

   1          #include <reg51.h>
   2          
   3          // code 把该变量存在FLASH中
   4          unsigned char code led_num[16] = {0x3f, 0x06, 0x5b, 0x4f, 0x66, 0x6d, 0x7d, 0x07, 0x7f, 0x6f, 0x77, 0x7c, 
             -0x39, 0x5e, 0x79, 0x71};
   5          // 0~F: 0x3f, 0x06, 0x5b, 0x4f, 0x66, 0x6d, 0x7d, 0x07, 0x7f, 0x6f, 0x77, 0x7c, 0x39, 0x5e, 0x79, 0x71
   6          
   7          void timer0_config()
   8          {
   9   1              TMOD = 0x01;  // 计数器0工作在模式1
  10   1              TR0 = 1;  // 计数器0工作
  11   1              TH0 = 0xd8;  // 初始计数高8位
  12   1              TL0 = 0xf0;  // 初始计数低8位，共10ms
  13   1      }
  14          
  15          void seg_led_display()
  16          {
  17   1              static unsigned char i=0;
  18   1              static unsigned char count=0;
  19   1      
  20   1      
  21   1              P0 = led_num[i];
  22   1              if (TF0 == 1)
  23   1              {
  24   2                      count++;
  25   2                      TF0 = 0;
  26   2                      TH0 = 0xd8;
  27   2                      TL0 = 0xf0;     
  28   2              }
  29   1              if (count == 100)
  30   1              {
  31   2                      i++;
  32   2                      if (i == 16) i = 0;
  33   2                      count = 0;
  34   2              }
  35   1      }
  36          
  37          void main()
  38          {
  39   1              timer0_config();
  40   1              while(1)
  41   1              {
  42   2                      seg_led_display();
  43   2              }
  44   1      }


MODULE INFORMATION:   STATIC OVERLAYABLE
   CODE SIZE        =     60    ----
   CONSTANT SIZE    =     16    ----
   XDATA SIZE       =   ----    ----
   PDATA SIZE       =   ----    ----
   DATA SIZE        =      2    ----
   IDATA SIZE       =   ----    ----
   BIT SIZE         =   ----    ----
C51 COMPILER V9.02   SEG_LED                                                               10/10/2022 13:01:46 PAGE 2   

END OF MODULE INFORMATION.


C51 COMPILATION COMPLETE.  0 WARNING(S),  0 ERROR(S)
