C51 COMPILER V9.02   BUTTON                                                                10/31/2022 21:08:56 PAGE 1   


C51 COMPILER V9.02, COMPILATION OF MODULE BUTTON
OBJECT MODULE PLACED IN button.OBJ
COMPILER INVOKED BY: D:\Keil\C51\BIN\C51.EXE button.c BROWSE DEBUG OBJECTEXTEND

line level    source

   1          // 没有按键按下：key=0xff，第i个按键按下，key=i                   
   2          #include <reg51.h>
   3          
   4          sbit k1 = P3^1;
   5          sbit k2 = P3^0;
   6          sbit k3 = P3^2;
   7          sbit k4 = P3^3;
   8          
   9          sbit led1 = P2^0;
  10          sbit led2 = P2^1;
  11          sbit led3 = P2^6;
  12          sbit led4 = P2^7;
  13          
  14          bit flag = 0;
  15          
  16          void timer0_config()  //11.0592MHz
  17          {
  18   1              TMOD &= 0xf0;
  19   1              TMOD |= 0x01;  // 计数器0工作在模式1
  20   1              TR0 = 1;  // 计数器0工作
  21   1              TH0 = 0xf8;   
  22   1              TL0 = 0xcd;  // 65536-63693=1843, 2ms
  23   1              EA = 1;
  24   1              ET0 = 1;  // 打开中断
  25   1      }
  26          
  27          unsigned char key_scan()
  28          {
  29   1              static unsigned char key_flag=0x00;  // 倒数第几位为0表示第几个按键没按下
  30   1              static unsigned char buff[4]={0xff,0xff,0xff,0xff};  // 消抖，连续采样8次，8次采样值均相同才视为稳定
  31   1              unsigned char i;
  32   1      
  33   1              if (flag == 1)  // 每2ms检测一次
  34   1              {
  35   2                      flag = 0;
  36   2                      buff[0] = (buff[0]<<1) | k1;
  37   2                      buff[1] = (buff[1]<<1) | k2;
  38   2                      buff[2] = (buff[2]<<1) | k3;
  39   2                      buff[3] = (buff[3]<<1) | k4;            
  40   2      
  41   2                      for (i=0;i<4;i++)  //循环检测四个按键
  42   2                      {
  43   3                              if ( ((key_flag>>i)&0x01)==0x00 && buff[i]==0x00 )
  44   3                              {
  45   4                                      key_flag |= 0x01<<i;  // 置1，表示按键按下
  46   4                                      return (i+1);
  47   4                              }
  48   3                              else if (buff[i]==0xff) key_flag &= ~(0x01<<i);  // 置0，表示按键松开
  49   3                      }
  50   2              }
  51   1              return 0xff;  // 表示按键松开或者处于不稳定状态
  52   1      } 
  53          
  54          void key_action(unsigned char key)
  55          {
C51 COMPILER V9.02   BUTTON                                                                10/31/2022 21:08:56 PAGE 2   

  56   1              if (key == 1) led1 = ~led1;
  57   1              else if (key == 2) led2 = ~led2;
  58   1              else if (key == 3) led3 = ~led3;
  59   1              else if (key == 4) led4 = ~led4;
  60   1              // key==0xff，无按键按下或者按键尚未平稳，无操作
  61   1      }
  62          
  63          void main()
  64          {
  65   1              unsigned char key=0;
  66   1      
  67   1              timer0_config();
  68   1              while(1)
  69   1              {
  70   2                      key = key_scan();
  71   2                      key_action(key);
  72   2              }
  73   1      }
  74          
  75          void timer0_2ms() interrupt 1
  76          {
  77   1              TH0 = 0xf8;   
  78   1              TL0 = 0xcd;  // 65536-63693=1843, 2ms
  79   1              flag = 1;
  80   1      }


MODULE INFORMATION:   STATIC OVERLAYABLE
   CODE SIZE        =    186    ----
   CONSTANT SIZE    =   ----    ----
   XDATA SIZE       =   ----    ----
   PDATA SIZE       =   ----    ----
   DATA SIZE        =      5    ----
   IDATA SIZE       =   ----    ----
   BIT SIZE         =      1    ----
END OF MODULE INFORMATION.


C51 COMPILATION COMPLETE.  0 WARNING(S),  0 ERROR(S)
