C51 COMPILER V9.02   MAIN                                                                  11/15/2022 22:11:25 PAGE 1   


C51 COMPILER V9.02, COMPILATION OF MODULE MAIN
OBJECT MODULE PLACED IN .\Obj\main.obj
COMPILER INVOKED BY: D:\Keil\C51\BIN\C51.EXE User\main.c BROWSE INCDIR(.\App\lcd1602;.\Public) DEBUG OBJECTEXTEND PRINT(
                    -.\Obj\main.lst) OBJECT(.\Obj\main.obj)

line level    source

   1          #include "public.h"
   2          #include "lcd1602.h"
   3          
   4          void main()
   5          {       
   6   1              lcd1602_init();  // LCD1602≥ı ºªØ
   7   1              cursor_pos_set(0, 0);
   8   1              lcd1602_show_string("Hello World!");
   9   1              while (1);      
  10   1      }


MODULE INFORMATION:   STATIC OVERLAYABLE
   CODE SIZE        =     20    ----
   CONSTANT SIZE    =     13    ----
   XDATA SIZE       =   ----    ----
   PDATA SIZE       =   ----    ----
   DATA SIZE        =   ----    ----
   IDATA SIZE       =   ----    ----
   BIT SIZE         =   ----    ----
END OF MODULE INFORMATION.


C51 COMPILATION COMPLETE.  0 WARNING(S),  0 ERROR(S)
